Performing C SOURCE FILE Test CMAKE_HAVE_LIBC_PTHREAD failed with the following output:
Change Dir: /home/mrgenie/projects/hhe_ppml/build/CMakeFiles/CMakeTmp

Run Build Command(s):/bin/make -f Makefile cmTC_2b5c0/fast && /bin/make  -f CMakeFiles/cmTC_2b5c0.dir/build.make CMakeFiles/cmTC_2b5c0.dir/build
make[1]: Entering directory '/home/mrgenie/projects/hhe_ppml/build/CMakeFiles/CMakeTmp'
Building C object CMakeFiles/cmTC_2b5c0.dir/src.c.o
/bin/cc -DCMAKE_HAVE_LIBC_PTHREAD   -o CMakeFiles/cmTC_2b5c0.dir/src.c.o -c /home/mrgenie/projects/hhe_ppml/build/CMakeFiles/CMakeTmp/src.c
Linking C executable cmTC_2b5c0
/snap/cmake/1157/bin/cmake -E cmake_link_script CMakeFiles/cmTC_2b5c0.dir/link.txt --verbose=1
/bin/cc CMakeFiles/cmTC_2b5c0.dir/src.c.o -o cmTC_2b5c0 
/bin/ld: CMakeFiles/cmTC_2b5c0.dir/src.c.o: in function `main':
src.c:(.text+0x48): undefined reference to `pthread_create'
/bin/ld: src.c:(.text+0x50): undefined reference to `pthread_detach'
/bin/ld: src.c:(.text+0x58): undefined reference to `pthread_cancel'
/bin/ld: src.c:(.text+0x64): undefined reference to `pthread_join'
collect2: error: ld returned 1 exit status
make[1]: *** [CMakeFiles/cmTC_2b5c0.dir/build.make:99: cmTC_2b5c0] Error 1
make[1]: Leaving directory '/home/mrgenie/projects/hhe_ppml/build/CMakeFiles/CMakeTmp'
make: *** [Makefile:127: cmTC_2b5c0/fast] Error 2


Source file was:
#include <pthread.h>

static void* test_func(void* data)
{
  return data;
}

int main(void)
{
  pthread_t thread;
  pthread_create(&thread, NULL, test_func, NULL);
  pthread_detach(thread);
  pthread_cancel(thread);
  pthread_join(thread, NULL);
  pthread_atfork(NULL, NULL, NULL);
  pthread_exit(NULL);

  return 0;
}

